<?xml version="1.0" encoding="UTF-8" ?>
<testsuite failures="0" time="1.212" errors="0" skipped="0" tests="2" name="org.cometd.server.ConcurrentHandshakeFailureSubscribePublishTest">
  <properties>
    <property name="java.runtime.name" value="Java(TM) SE Runtime Environment"/>
    <property name="sun.boot.library.path" value="/usr/lib/jvm/java-6-sun-1.6.0.24/jre/lib/i386"/>
    <property name="java.vm.version" value="19.1-b02"/>
    <property name="java.vm.vendor" value="Sun Microsystems Inc."/>
    <property name="java.vendor.url" value="http://java.sun.com/"/>
    <property name="path.separator" value=":"/>
    <property name="java.vm.name" value="Java HotSpot(TM) Server VM"/>
    <property name="file.encoding.pkg" value="sun.io"/>
    <property name="user.country" value="US"/>
    <property name="sun.java.launcher" value="SUN_STANDARD"/>
    <property name="sun.os.patch.level" value="unknown"/>
    <property name="java.vm.specification.name" value="Java Virtual Machine Specification"/>
    <property name="user.dir" value="/home/jadiel/workspace/cometd/trunk/cometd-java/cometd-java-server"/>
    <property name="java.runtime.version" value="1.6.0_24-b07"/>
    <property name="java.awt.graphicsenv" value="sun.awt.X11GraphicsEnvironment"/>
    <property name="basedir" value="/home/jadiel/workspace/cometd/trunk/cometd-java/cometd-java-server"/>
    <property name="java.endorsed.dirs" value="/usr/lib/jvm/java-6-sun-1.6.0.24/jre/lib/endorsed"/>
    <property name="os.arch" value="i386"/>
    <property name="surefire.real.class.path" value="/home/jadiel/workspace/cometd/trunk/cometd-java/cometd-java-server/target/surefire/surefirebooter8440566435789494827.jar"/>
    <property name="java.io.tmpdir" value="/tmp"/>
    <property name="line.separator" value="
"/>
    <property name="java.vm.specification.vendor" value="Sun Microsystems Inc."/>
    <property name="os.name" value="Linux"/>
    <property name="sun.jnu.encoding" value="UTF-8"/>
    <property name="java.library.path" value="/usr/lib/jvm/java-6-sun-1.6.0.24/jre/lib/i386/server:/usr/lib/jvm/java-6-sun-1.6.0.24/jre/lib/i386:/usr/lib/jvm/java-6-sun-1.6.0.24/jre/../lib/i386:/usr/java/packages/lib/i386:/lib:/usr/lib"/>
    <property name="surefire.test.class.path" value="/home/jadiel/workspace/cometd/trunk/cometd-java/cometd-java-server/target/test-classes:/home/jadiel/workspace/cometd/trunk/cometd-java/cometd-java-server/target/classes:/home/jadiel/workspace/cometd/trunk/cometd-java/bayeux-api/target/bayeux-api-2.2.0-SNAPSHOT.jar:/home/jadiel/workspace/cometd/trunk/cometd-java/cometd-java-common/target/cometd-java-common-2.2.0-SNAPSHOT.jar:/home/jadiel/.m2/repository/org/eclipse/jetty/jetty-util/7.4.0.v20110414/jetty-util-7.4.0.v20110414.jar:/home/jadiel/.m2/repository/javax/servlet/servlet-api/2.5/servlet-api-2.5.jar:/home/jadiel/.m2/repository/org/eclipse/jetty/jetty-continuation/7.4.0.v20110414/jetty-continuation-7.4.0.v20110414.jar:/home/jadiel/.m2/repository/org/eclipse/jetty/jetty-websocket/7.4.0.v20110414/jetty-websocket-7.4.0.v20110414.jar:/home/jadiel/.m2/repository/org/eclipse/jetty/jetty-server/7.4.0.v20110414/jetty-server-7.4.0.v20110414.jar:/home/jadiel/.m2/repository/org/eclipse/jetty/jetty-http/7.4.0.v20110414/jetty-http-7.4.0.v20110414.jar:/home/jadiel/.m2/repository/org/eclipse/jetty/jetty-io/7.4.0.v20110414/jetty-io-7.4.0.v20110414.jar:/home/jadiel/.m2/repository/org/eclipse/jetty/jetty-jmx/7.4.0.v20110414/jetty-jmx-7.4.0.v20110414.jar:/home/jadiel/.m2/repository/junit/junit/4.8.2/junit-4.8.2.jar:/home/jadiel/.m2/repository/org/eclipse/jetty/jetty-servlet/7.4.0.v20110414/jetty-servlet-7.4.0.v20110414.jar:/home/jadiel/.m2/repository/org/eclipse/jetty/jetty-security/7.4.0.v20110414/jetty-security-7.4.0.v20110414.jar:/home/jadiel/.m2/repository/org/eclipse/jetty/jetty-client/7.4.0.v20110414/jetty-client-7.4.0.v20110414.jar:/home/jadiel/.m2/repository/org/springframework/spring-web/2.5.6/spring-web-2.5.6.jar:/home/jadiel/.m2/repository/commons-logging/commons-logging/1.1.1/commons-logging-1.1.1.jar:/home/jadiel/.m2/repository/org/springframework/spring-beans/2.5.6/spring-beans-2.5.6.jar:/home/jadiel/.m2/repository/org/springframework/spring-core/2.5.6/spring-core-2.5.6.jar:/home/jadiel/.m2/repository/org/springframework/spring-context/2.5.6/spring-context-2.5.6.jar:/home/jadiel/.m2/repository/aopalliance/aopalliance/1.0/aopalliance-1.0.jar:"/>
    <property name="java.specification.name" value="Java Platform API Specification"/>
    <property name="java.class.version" value="50.0"/>
    <property name="sun.management.compiler" value="HotSpot Tiered Compilers"/>
    <property name="os.version" value="2.6.35-28-generic"/>
    <property name="user.home" value="/home/jadiel"/>
    <property name="user.timezone" value="America/Phoenix"/>
    <property name="java.awt.printerjob" value="sun.print.PSPrinterJob"/>
    <property name="file.encoding" value="UTF-8"/>
    <property name="java.specification.version" value="1.6"/>
    <property name="user.name" value="jadiel"/>
    <property name="java.class.path" value="/home/jadiel/workspace/cometd/trunk/cometd-java/cometd-java-server/target/test-classes:/home/jadiel/workspace/cometd/trunk/cometd-java/cometd-java-server/target/classes:/home/jadiel/workspace/cometd/trunk/cometd-java/bayeux-api/target/bayeux-api-2.2.0-SNAPSHOT.jar:/home/jadiel/workspace/cometd/trunk/cometd-java/cometd-java-common/target/cometd-java-common-2.2.0-SNAPSHOT.jar:/home/jadiel/.m2/repository/org/eclipse/jetty/jetty-util/7.4.0.v20110414/jetty-util-7.4.0.v20110414.jar:/home/jadiel/.m2/repository/javax/servlet/servlet-api/2.5/servlet-api-2.5.jar:/home/jadiel/.m2/repository/org/eclipse/jetty/jetty-continuation/7.4.0.v20110414/jetty-continuation-7.4.0.v20110414.jar:/home/jadiel/.m2/repository/org/eclipse/jetty/jetty-websocket/7.4.0.v20110414/jetty-websocket-7.4.0.v20110414.jar:/home/jadiel/.m2/repository/org/eclipse/jetty/jetty-server/7.4.0.v20110414/jetty-server-7.4.0.v20110414.jar:/home/jadiel/.m2/repository/org/eclipse/jetty/jetty-http/7.4.0.v20110414/jetty-http-7.4.0.v20110414.jar:/home/jadiel/.m2/repository/org/eclipse/jetty/jetty-io/7.4.0.v20110414/jetty-io-7.4.0.v20110414.jar:/home/jadiel/.m2/repository/org/eclipse/jetty/jetty-jmx/7.4.0.v20110414/jetty-jmx-7.4.0.v20110414.jar:/home/jadiel/.m2/repository/junit/junit/4.8.2/junit-4.8.2.jar:/home/jadiel/.m2/repository/org/eclipse/jetty/jetty-servlet/7.4.0.v20110414/jetty-servlet-7.4.0.v20110414.jar:/home/jadiel/.m2/repository/org/eclipse/jetty/jetty-security/7.4.0.v20110414/jetty-security-7.4.0.v20110414.jar:/home/jadiel/.m2/repository/org/eclipse/jetty/jetty-client/7.4.0.v20110414/jetty-client-7.4.0.v20110414.jar:/home/jadiel/.m2/repository/org/springframework/spring-web/2.5.6/spring-web-2.5.6.jar:/home/jadiel/.m2/repository/commons-logging/commons-logging/1.1.1/commons-logging-1.1.1.jar:/home/jadiel/.m2/repository/org/springframework/spring-beans/2.5.6/spring-beans-2.5.6.jar:/home/jadiel/.m2/repository/org/springframework/spring-core/2.5.6/spring-core-2.5.6.jar:/home/jadiel/.m2/repository/org/springframework/spring-context/2.5.6/spring-context-2.5.6.jar:/home/jadiel/.m2/repository/aopalliance/aopalliance/1.0/aopalliance-1.0.jar:"/>
    <property name="java.vm.specification.version" value="1.0"/>
    <property name="sun.arch.data.model" value="32"/>
    <property name="java.home" value="/usr/lib/jvm/java-6-sun-1.6.0.24/jre"/>
    <property name="java.specification.vendor" value="Sun Microsystems Inc."/>
    <property name="user.language" value="en"/>
    <property name="java.vm.info" value="mixed mode"/>
    <property name="java.version" value="1.6.0_24"/>
    <property name="java.ext.dirs" value="/usr/lib/jvm/java-6-sun-1.6.0.24/jre/lib/ext:/usr/java/packages/lib/ext"/>
    <property name="sun.boot.class.path" value="/usr/lib/jvm/java-6-sun-1.6.0.24/jre/lib/resources.jar:/usr/lib/jvm/java-6-sun-1.6.0.24/jre/lib/rt.jar:/usr/lib/jvm/java-6-sun-1.6.0.24/jre/lib/sunrsasign.jar:/usr/lib/jvm/java-6-sun-1.6.0.24/jre/lib/jsse.jar:/usr/lib/jvm/java-6-sun-1.6.0.24/jre/lib/jce.jar:/usr/lib/jvm/java-6-sun-1.6.0.24/jre/lib/charsets.jar:/usr/lib/jvm/java-6-sun-1.6.0.24/jre/lib/modules/jdk.boot.jar:/usr/lib/jvm/java-6-sun-1.6.0.24/jre/classes"/>
    <property name="java.vendor" value="Sun Microsystems Inc."/>
    <property name="localRepository" value="/home/jadiel/.m2/repository"/>
    <property name="file.separator" value="/"/>
    <property name="java.vendor.url.bug" value="http://java.sun.com/cgi-bin/bugreport.cgi"/>
    <property name="sun.cpu.endian" value="little"/>
    <property name="sun.io.unicode.encoding" value="UnicodeLittle"/>
    <property name="sun.desktop" value="gnome"/>
    <property name="sun.cpu.isalist" value=""/>
  </properties>
  <testcase time="1.062" classname="org.cometd.server.ConcurrentHandshakeFailureSubscribePublishTest" name="testConcurrentHandshakeFailureAndSubscribe"/>
  <testcase time="0.143" classname="org.cometd.server.ConcurrentHandshakeFailureSubscribePublishTest" name="testConcurrentHandshakeFailureAndPublish"/>
</testsuite>